<?xml version="1.0" encoding="UTF-8"?>
<testng-results skipped="0" failed="0" ignored="0" total="1" passed="1">
  <reporter-output>
  </reporter-output>
  <suite name="Suite" duration-ms="25244" started-at="2019-01-10T06:39:03Z" finished-at="2019-01-10T06:39:29Z">
    <groups>
    </groups>
    <test name="Test" duration-ms="25244" started-at="2019-01-10T06:39:03Z" finished-at="2019-01-10T06:39:29Z">
      <class name="com.tests.NewTest2">
        <test-method status="PASS" signature="launchChrome()[pri:0, instance:com.tests.NewTest2@523884b2]" name="launchChrome" duration-ms="25212" started-at="2019-01-10T06:39:03Z" finished-at="2019-01-10T06:39:29Z">
          <reporter-output>
          </reporter-output>
        </test-method> <!-- launchChrome -->
      </class> <!-- com.tests.NewTest2 -->
    </test> <!-- Test -->
  </suite> <!-- Suite -->
</testng-results>
